This is pdfTeX, Version 3.14159265-2.6-1.40.15 (TeX Live 2014) (preloaded format=pdflatex 2015.4.20)  20 APR 2015 16:29
entering extended mode
 restricted \write18 enabled.
 file:line:error style messages enabled.
 %&-line parsing enabled.
**informe.tex
(./informe.tex
LaTeX2e <2014/05/01>
Babel <3.9k> and hyphenation patterns for 78 languages loaded.
(/usr/local/texlive/2014/texmf-dist/tex/latex/base/article.cls
Document Class: article 2007/10/19 v1.4h Standard LaTeX document class
(/usr/local/texlive/2014/texmf-dist/tex/latex/base/size12.clo
File: size12.clo 2007/10/19 v1.4h Standard LaTeX file (size option)
)
\c@part=\count79
\c@section=\count80
\c@subsection=\count81
\c@subsubsection=\count82
\c@paragraph=\count83
\c@subparagraph=\count84
\c@figure=\count85
\c@table=\count86
\abovecaptionskip=\skip41
\belowcaptionskip=\skip42
\bibindent=\dimen102
)
(/usr/local/texlive/2014/texmf-dist/tex/latex/graphics/graphicx.sty
Package: graphicx 2014/04/25 v1.0g Enhanced LaTeX Graphics (DPC,SPQR)

(/usr/local/texlive/2014/texmf-dist/tex/latex/graphics/keyval.sty
Package: keyval 2014/05/08 v1.15 key=value parser (DPC)
\KV@toks@=\toks14
)
(/usr/local/texlive/2014/texmf-dist/tex/latex/graphics/graphics.sty
Package: graphics 2009/02/05 v1.0o Standard LaTeX Graphics (DPC,SPQR)

(/usr/local/texlive/2014/texmf-dist/tex/latex/graphics/trig.sty
Package: trig 1999/03/16 v1.09 sin cos tan (DPC)
)
(/usr/local/texlive/2014/texmf-dist/tex/latex/latexconfig/graphics.cfg
File: graphics.cfg 2010/04/23 v1.9 graphics configuration of TeX Live
)
Package graphics Info: Driver file: pdftex.def on input line 91.

(/usr/local/texlive/2014/texmf-dist/tex/latex/pdftex-def/pdftex.def
File: pdftex.def 2011/05/27 v0.06d Graphics/color for pdfTeX

(/usr/local/texlive/2014/texmf-dist/tex/generic/oberdiek/infwarerr.sty
Package: infwarerr 2010/04/08 v1.3 Providing info/warning/error messages (HO)
)
(/usr/local/texlive/2014/texmf-dist/tex/generic/oberdiek/ltxcmds.sty
Package: ltxcmds 2011/11/09 v1.22 LaTeX kernel commands for general use (HO)
)
\Gread@gobject=\count87
))
\Gin@req@height=\dimen103
\Gin@req@width=\dimen104
)
(/usr/local/texlive/2014/texmf-dist/tex/latex/caption/caption.sty
Package: caption 2013/05/02 v3.3-89 Customizing captions (AR)

(/usr/local/texlive/2014/texmf-dist/tex/latex/caption/caption3.sty
Package: caption3 2013/05/02 v1.6-88 caption3 kernel (AR)
Package caption3 Info: TeX engine: e-TeX on input line 57.
\captionmargin=\dimen105
\captionmargin@=\dimen106
\captionwidth=\dimen107
\caption@tempdima=\dimen108
\caption@indent=\dimen109
\caption@parindent=\dimen110
\caption@hangindent=\dimen111
)
\c@ContinuedFloat=\count88
)
(./extraplaceins.sty

LaTeX Warning: You have requested package `extraplaceins',
               but the package provides `placeins'.

Package: placeins 2005/04/18  v 2.2
) (./informe.aux)
\openout1 = `informe.aux'.

LaTeX Font Info:    Checking defaults for OML/cmm/m/it on input line 9.
LaTeX Font Info:    ... okay on input line 9.
LaTeX Font Info:    Checking defaults for T1/cmr/m/n on input line 9.
LaTeX Font Info:    ... okay on input line 9.
LaTeX Font Info:    Checking defaults for OT1/cmr/m/n on input line 9.
LaTeX Font Info:    ... okay on input line 9.
LaTeX Font Info:    Checking defaults for OMS/cmsy/m/n on input line 9.
LaTeX Font Info:    ... okay on input line 9.
LaTeX Font Info:    Checking defaults for OMX/cmex/m/n on input line 9.
LaTeX Font Info:    ... okay on input line 9.
LaTeX Font Info:    Checking defaults for U/cmr/m/n on input line 9.
LaTeX Font Info:    ... okay on input line 9.

(/usr/local/texlive/2014/texmf-dist/tex/context/base/supp-pdf.mkii
[Loading MPS to PDF converter (version 2006.09.02).]
\scratchcounter=\count89
\scratchdimen=\dimen112
\scratchbox=\box26
\nofMPsegments=\count90
\nofMParguments=\count91
\everyMPshowfont=\toks15
\MPscratchCnt=\count92
\MPscratchDim=\dimen113
\MPnumerator=\count93
\makeMPintoPDFobject=\count94
\everyMPtoPDFconversion=\toks16
) (/usr/local/texlive/2014/texmf-dist/tex/generic/oberdiek/pdftexcmds.sty
Package: pdftexcmds 2011/11/29 v0.20 Utility functions of pdfTeX for LuaTeX (HO
)

(/usr/local/texlive/2014/texmf-dist/tex/generic/oberdiek/ifluatex.sty
Package: ifluatex 2010/03/01 v1.3 Provides the ifluatex switch (HO)
Package ifluatex Info: LuaTeX not detected.
)
(/usr/local/texlive/2014/texmf-dist/tex/generic/oberdiek/ifpdf.sty
Package: ifpdf 2011/01/30 v2.3 Provides the ifpdf switch (HO)
Package ifpdf Info: pdfTeX in PDF mode is detected.
)
Package pdftexcmds Info: LuaTeX not detected.
Package pdftexcmds Info: \pdf@primitive is available.
Package pdftexcmds Info: \pdf@ifprimitive is available.
Package pdftexcmds Info: \pdfdraftmode found.
)
(/usr/local/texlive/2014/texmf-dist/tex/latex/oberdiek/epstopdf-base.sty
Package: epstopdf-base 2010/02/09 v2.5 Base part for package epstopdf

(/usr/local/texlive/2014/texmf-dist/tex/latex/oberdiek/grfext.sty
Package: grfext 2010/08/19 v1.1 Manage graphics extensions (HO)

(/usr/local/texlive/2014/texmf-dist/tex/generic/oberdiek/kvdefinekeys.sty
Package: kvdefinekeys 2011/04/07 v1.3 Define keys (HO)
))
(/usr/local/texlive/2014/texmf-dist/tex/latex/oberdiek/kvoptions.sty
Package: kvoptions 2011/06/30 v3.11 Key value format for package options (HO)

(/usr/local/texlive/2014/texmf-dist/tex/generic/oberdiek/kvsetkeys.sty
Package: kvsetkeys 2012/04/25 v1.16 Key value parser (HO)

(/usr/local/texlive/2014/texmf-dist/tex/generic/oberdiek/etexcmds.sty
Package: etexcmds 2011/02/16 v1.5 Avoid name clashes with e-TeX commands (HO)
Package etexcmds Info: Could not find \expanded.
(etexcmds)             That can mean that you are not using pdfTeX 1.50 or
(etexcmds)             that some package has redefined \expanded.
(etexcmds)             In the latter case, load this package earlier.
)))
Package grfext Info: Graphics extension search list:
(grfext)             [.png,.pdf,.jpg,.mps,.jpeg,.jbig2,.jb2,.PNG,.PDF,.JPG,.JPE
G,.JBIG2,.JB2,.eps]
(grfext)             \AppendGraphicsExtensions on input line 452.

(/usr/local/texlive/2014/texmf-dist/tex/latex/latexconfig/epstopdf-sys.cfg
File: epstopdf-sys.cfg 2010/07/13 v1.3 Configuration of (r)epstopdf for TeX Liv
e
))
Package caption Info: Begin \AtBeginDocument code.
Package caption Info: End \AtBeginDocument code.

(./title.tex <./logoUSM.jpg, id=1, 243.7908pt x 184.5294pt>
File: ./logoUSM.jpg Graphic file (type jpg)

<use ./logoUSM.jpg>
Package pdftex.def Info: ./logoUSM.jpg used on input line 6.
(pdftex.def)             Requested size: 58.49762pt x 44.27669pt.
 <./logoDI.png, id=2, 389.455pt x 301.125pt>
File: ./logoDI.png Graphic file (type png)

<use ./logoDI.png>
Package pdftex.def Info: ./logoDI.png used on input line 7.
(pdftex.def)             Requested size: 58.49762pt x 45.22653pt.
 [1

{/usr/local/texlive/2014/texmf-var/fonts/map/pdftex/updmap/pdftex.map} <./logoU
SM.jpg> <./logoDI.png>]) (./contenido.tex
Missing character: There is no á in font cmr12!
Missing character: There is no í in font cmr12!
LaTeX Font Info:    External font `cmex10' loaded for size
(Font)              <12> on input line 5.
LaTeX Font Info:    External font `cmex10' loaded for size
(Font)              <8> on input line 5.
LaTeX Font Info:    External font `cmex10' loaded for size
(Font)              <6> on input line 5.

Underfull \hbox (badness 10000) in paragraph at lines 5--6

 []


Underfull \hbox (badness 10000) in paragraph at lines 90--92

 []

[1] [2] [3]
Underfull \hbox (badness 10000) in paragraph at lines 94--95

 []

Missing character: There is no ú in font cmr12!
<./imagenes/hist1.png, id=23, 418.56375pt x 366.36874pt>
File: ./imagenes/hist1.png Graphic file (type png)

<use ./imagenes/hist1.png>
Package pdftex.def Info: ./imagenes/hist1.png used on input line 98.
(pdftex.def)             Requested size: 350.99762pt x 307.22774pt.
Missing character: There is no ú in font cmr12!

<./imagenes/hist2.png, id=25, 418.56375pt x 366.36874pt>
File: ./imagenes/hist2.png Graphic file (type png)

<use ./imagenes/hist2.png>
Package pdftex.def Info: ./imagenes/hist2.png used on input line 100.
(pdftex.def)             Requested size: 350.99762pt x 307.22774pt.
 [4

 <./imagenes/hist1.png>]
Missing character: There is no ú in font cmr12!

<./imagenes/hist3.png, id=31, 418.56375pt x 366.36874pt>
File: ./imagenes/hist3.png Graphic file (type png)

<use ./imagenes/hist3.png>
Package pdftex.def Info: ./imagenes/hist3.png used on input line 102.
(pdftex.def)             Requested size: 350.99762pt x 307.22774pt.
 [5 <./imagenes/hist2.png>]
Missing character: There is no ú in font cmr12!

<./imagenes/hist4.png, id=36, 418.56375pt x 366.36874pt>
File: ./imagenes/hist4.png Graphic file (type png)

<use ./imagenes/hist4.png>
Package pdftex.def Info: ./imagenes/hist4.png used on input line 104.
(pdftex.def)             Requested size: 350.99762pt x 307.22774pt.
 [6 <./imagenes/hist3.png>]
Underfull \hbox (badness 10000) in paragraph at lines 107--108

 []

Missing character: There is no ó in font cmr12!

Underfull \hbox (badness 10000) in paragraph at lines 110--111

 []

[7 <./imagenes/hist4.png>]
<./imagenes/histc1.png, id=46, 418.56375pt x 366.36874pt>
File: ./imagenes/histc1.png Graphic file (type png)

<use ./imagenes/histc1.png>
Package pdftex.def Info: ./imagenes/histc1.png used on input line 114.
(pdftex.def)             Requested size: 350.99762pt x 307.22774pt.

<./imagenes/histc5.png, id=47, 418.56375pt x 366.36874pt>
File: ./imagenes/histc5.png Graphic file (type png)

<use ./imagenes/histc5.png>
Package pdftex.def Info: ./imagenes/histc5.png used on input line 116.
(pdftex.def)             Requested size: 350.99762pt x 307.22774pt.
 [8 <./imagenes/histc1.png>]
<./imagenes/histc10.png, id=52, 418.56375pt x 366.36874pt>
File: ./imagenes/histc10.png Graphic file (type png)

<use ./imagenes/histc10.png>
Package pdftex.def Info: ./imagenes/histc10.png used on input line 118.
(pdftex.def)             Requested size: 350.99762pt x 307.22774pt.
 [9 <./imagenes/histc5.png>]
<./imagenes/histc13.png, id=57, 418.56375pt x 366.36874pt>
File: ./imagenes/histc13.png Graphic file (type png)

<use ./imagenes/histc13.png>
Package pdftex.def Info: ./imagenes/histc13.png used on input line 120.
(pdftex.def)             Requested size: 350.99762pt x 307.22774pt.
 [10 <./imagenes/histc10.png>]
<./imagenes/histc15.png, id=62, 418.56375pt x 366.36874pt>
File: ./imagenes/histc15.png Graphic file (type png)

<use ./imagenes/histc15.png>
Package pdftex.def Info: ./imagenes/histc15.png used on input line 122.
(pdftex.def)             Requested size: 350.99762pt x 307.22774pt.
 [11 <./imagenes/histc13.png>] [12 <./imagenes/histc15.png>] <./imagenes/boxplo
t.png, id=72, 418.56375pt x 366.36874pt>
File: ./imagenes/boxplot.png Graphic file (type png)

<use ./imagenes/boxplot.png>
Package pdftex.def Info: ./imagenes/boxplot.png used on input line 150.
(pdftex.def)             Requested size: 350.99762pt x 307.22774pt.
) [13 <./imagenes/boxplot.png>] (./anexos.tex)
[14] (./informe.aux) ) 
Here is how much of TeX's memory you used:
 2636 strings out of 493117
 42180 string characters out of 6135433
 112826 words of memory out of 5000000
 6076 multiletter control sequences out of 15000+600000
 9919 words of font info for 35 fonts, out of 8000000 for 9000
 1141 hyphenation exceptions out of 8191
 38i,9n,38p,758b,256s stack positions out of 5000i,500n,10000p,200000b,80000s
</usr/local/texlive/2014/texmf-dist/fonts/type1/public/am
sfonts/cm/cmbx12.pfb></usr/local/texlive/2014/texmf-dist/fonts/type1/public/ams
fonts/cm/cmcsc10.pfb></usr/local/texlive/2014/texmf-dist/fonts/type1/public/ams
fonts/cm/cmmi12.pfb></usr/local/texlive/2014/texmf-dist/fonts/type1/public/amsf
onts/cm/cmr12.pfb></usr/local/texlive/2014/texmf-dist/fonts/type1/public/amsfon
ts/cm/cmr8.pfb></usr/local/texlive/2014/texmf-dist/fonts/type1/public/amsfonts/
cm/cmti12.pfb></usr/local/texlive/2014/texmf-dist/fonts/type1/public/amsfonts/c
m/cmtt12.pfb>
Output written on informe.pdf (15 pages, 313772 bytes).
PDF statistics:
 104 PDF objects out of 1000 (max. 8388607)
 57 compressed objects within 1 object stream
 0 named destinations out of 1000 (max. 500000)
 61 words of extra memory for PDF output out of 10000 (max. 10000000)

